<?xml version="1.0" encoding="UTF-8"?>
<testng-results skipped="0" failed="0" total="1" passed="1">
  <reporter-output>
  </reporter-output>
  <suite name="Default suite" duration-ms="44581" started-at="2018-09-20T12:24:01Z" finished-at="2018-09-20T12:24:45Z">
    <groups>
    </groups>
    <test name="Default test" duration-ms="44581" started-at="2018-09-20T12:24:01Z" finished-at="2018-09-20T12:24:45Z">
      <class name="com.epam.lab.hw2.GmailTest">
        <test-method status="PASS" signature="testSendLetter()[pri:0, instance:com.epam.lab.hw2.GmailTest@5c7fa833]" name="testSendLetter" duration-ms="44504" started-at="2018-09-20T15:24:01Z" finished-at="2018-09-20T15:24:45Z">
          <reporter-output>
          </reporter-output>
        </test-method> <!-- testSendLetter -->
      </class> <!-- com.epam.lab.hw2.GmailTest -->
    </test> <!-- Default test -->
  </suite> <!-- Default suite -->
</testng-results>
